<?xml version="1.0" encoding="UTF-8"?>
<!-- Generated by org.testng.reporters.JUnitReportReporter -->
<testsuite hostname="DESKTOP-PTVJH6L" failures="0" tests="3" name="restassured.restassuredd.Fetch_create_pudate" time="9.794" errors="0" timestamp="2024-01-27T22:36:59 IST" skipped="0">
  <testcase classname="restassured.restassuredd.Fetch_create_pudate" name="fetchdata" time="7.965"/>
  <system-out/>
  <testcase classname="restassured.restassuredd.Fetch_create_pudate" name="createdata" time="1.189"/>
  <system-out/>
  <testcase classname="restassured.restassuredd.Fetch_create_pudate" name="updatedata" time="0.640"/>
  <system-out/>
</testsuite> <!-- restassured.restassuredd.Fetch_create_pudate -->
