<?xml version="1.0" encoding="UTF-8"?>
<!-- Generated by org.testng.reporters.JUnitReportReporter -->
<testsuite hostname="DESKTOP-PTVJH6L" failures="0" tests="1" name="restassured.restassuredd.Fetchdata" time="8.426" errors="0" timestamp="2024-01-26T20:39:20 IST" skipped="0">
  <testcase classname="restassured.restassuredd.Fetchdata" name="getdata" time="8.426"/>
  <system-out/>
</testsuite> <!-- restassured.restassuredd.Fetchdata -->
