<?xml version="1.0" encoding="UTF-8"?>
<!-- Generated by org.testng.reporters.JUnitReportReporter -->
<testsuite hostname="DESKTOP-PTVJH6L" failures="0" tests="3" name="restassured.restassuredd.Pathparm2" time="7.646" errors="0" timestamp="2024-01-26T22:57:15 IST" skipped="0">
  <testcase classname="restassured.restassuredd.Pathparm2" name="pathdemo" time="6.068"/>
  <system-out/>
  <testcase classname="restassured.restassuredd.Pathparm2" name="cookies" time="1.079"/>
  <system-out/>
  <testcase classname="restassured.restassuredd.Pathparm2" name="headertest" time="0.499"/>
  <system-out/>
</testsuite> <!-- restassured.restassuredd.Pathparm2 -->
