<?xml version="1.0" encoding="UTF-8"?>
<!-- Generated by org.testng.reporters.JUnitReportReporter -->
<testsuite hostname="DESKTOP-PTVJH6L" failures="0" tests="2" name="restassured.restassuredd.Rest_day2" time="7.250" errors="0" timestamp="2024-01-17T20:47:31 IST" skipped="0">
  <testcase classname="restassured.restassuredd.Rest_day2" name="fetchuser1" time="6.796"/>
  <system-out/>
  <testcase classname="restassured.restassuredd.Rest_day2" name="fetchuser2" time="0.454"/>
  <system-out/>
</testsuite> <!-- restassured.restassuredd.Rest_day2 -->
