<?xml version="1.0" encoding="UTF-8"?>
<!-- Generated by org.testng.reporters.JUnitReportReporter -->
<testsuite hostname="DESKTOP-PTVJH6L" failures="0" tests="1" name="restassured.restassuredd.Cookies_test" time="7.397" errors="0" timestamp="2024-01-26T22:34:13 IST" skipped="0">
  <testcase classname="restassured.restassuredd.Cookies_test" name="cookieVar" time="7.397"/>
  <system-out/>
</testsuite> <!-- restassured.restassuredd.Cookies_test -->
