<?xml version="1.0" encoding="UTF-8"?>
<!-- Generated by org.testng.reporters.JUnitReportReporter -->
<testsuite hostname="DESKTOP-PTVJH6L" failures="0" tests="1" name="restassured.restassuredd.rest_day1" time="7.859" errors="0" timestamp="2024-01-15T20:38:37 IST" skipped="0">
  <testcase classname="restassured.restassuredd.rest_day1" name="fetchuser" time="7.859"/>
  <system-out/>
</testsuite> <!-- restassured.restassuredd.rest_day1 -->
