<?xml version="1.0" encoding="UTF-8"?>
<!-- Generated by org.testng.reporters.JUnitReportReporter -->
<testsuite hostname="DESKTOP-PTVJH6L" failures="0" tests="1" name="restassured.restassuredd.Post_api" time="7.505" errors="0" timestamp="2024-01-20T21:08:39 IST" skipped="0">
  <testcase classname="restassured.restassuredd.Post_api" name="createData" time="7.505"/>
  <system-out/>
</testsuite> <!-- restassured.restassuredd.Post_api -->
