<?xml version="1.0" encoding="UTF-8"?>
<!-- Generated by org.testng.reporters.JUnitReportReporter -->
<testsuite hostname="DESKTOP-PTVJH6L" failures="0" tests="1" name="restassured.restassuredd.Delete_api" time="11.423" errors="0" timestamp="2024-01-21T20:31:11 IST" skipped="0">
  <testcase classname="restassured.restassuredd.Delete_api" name="Delete_api" time="11.423"/>
  <system-out/>
</testsuite> <!-- restassured.restassuredd.Delete_api -->
