<?xml version="1.0" encoding="UTF-8"?>
<!-- Generated by org.testng.reporters.JUnitReportReporter -->
<testsuite hostname="DESKTOP-PTVJH6L" failures="0" tests="1" name="restassured.restassuredd.PathParameter" time="15.045" errors="0" timestamp="2024-01-23T19:50:12 IST" skipped="0">
  <testcase classname="restassured.restassuredd.PathParameter" name="QueryParameter" time="15.045"/>
  <system-out/>
</testsuite> <!-- restassured.restassuredd.PathParameter -->
