<?xml version="1.0" encoding="UTF-8"?>
<!-- Generated by org.testng.reporters.JUnitReportReporter -->
<testsuite hostname="DESKTOP-PTVJH6L" failures="1" tests="1" name="restassured.restassuredd.HeaderTest" time="6.579" errors="0" timestamp="2024-01-25T20:07:24 IST" skipped="0">
  <testcase classname="restassured.restassuredd.HeaderTest" name="header" time="6.579">
    <failure message="1 expectation failed.
Expected header &quot;Date&quot; was not &quot;Wed, 24 Jan 2024 14:55:05 GMT&quot;, was &quot;Thu, 25 Jan 2024 14:37:22 GMT&quot;. Headers are:
Server=GitHub.com
Date=Thu, 25 Jan 2024 14:37:22 GMT
Content-Type=text/html; charset=utf-8
Vary=X-PJAX, X-PJAX-Container, Turbo-Visit, Turbo-Frame, Accept-Language, Accept-Encoding, Accept, X-Requested-With
content-language=en-US
ETag=W/&quot;e132f9bda807822f3f0569d2b1737bf1&quot;
Cache-Control=max-age=0, private, must-revalidate
Strict-Transport-Security=max-age=31536000; includeSubdomains; preload
X-Frame-Options=deny
X-Content-Type-Options=nosniff
X-XSS-Protection=0
Referrer-Policy=origin-when-cross-origin, strict-origin-when-cross-origin
Content-Security-Policy=default-src &#039;none&#039;; base-uri &#039;self&#039;; child-src github.com/assets-cdn/worker/ gist.github.com/assets-cdn/worker/; connect-src &#039;self&#039; uploads.github.com www.githubstatus.com collector.github.com raw.githubusercontent.com api.github.com github-cloud.s3.amazonaws.com github-production-repository-file-5c1aeb.s3.amazonaws.com github-production-upload-manifest-file-7fdce7.s3.amazonaws.com github-production-user-asset-6210df.s3.amazonaws.com cdn.optimizely.com logx.optimizely.com/v1/events api.githubcopilot.com objects-origin.githubusercontent.com *.actions.githubusercontent.com wss://*.actions.githubusercontent.com productionresultssa0.blob.core.windows.net/ productionresultssa1.blob.core.windows.net/ productionresultssa2.blob.core.windows.net/ productionresultssa3.blob.core.windows.net/ productionresultssa4.blob.core.windows.net/ productionresultssa5.blob.core.windows.net/ productionresultssa6.blob.core.windows.net/ productionresultssa7.blob.core.windows.net/ productionresultssa8.blob.core.windows.net/ productionresultssa9.blob.core.windows.net/ github-production-repository-image-32fea6.s3.amazonaws.com github-production-release-asset-2e65be.s3.amazonaws.com insights.github.com wss://alive.github.com github.githubassets.com; font-src github.githubassets.com; form-action &#039;self&#039; github.com gist.github.com objects-origin.githubusercontent.com; frame-ancestors &#039;none&#039;; frame-src viewscreen.githubusercontent.com notebooks.githubusercontent.com; img-src &#039;self&#039; data: github.githubassets.com media.githubusercontent.com camo.githubusercontent.com identicons.github.com avatars.githubusercontent.com github-cloud.s3.amazonaws.com objects.githubusercontent.com secured-user-images.githubusercontent.com/ user-images.githubusercontent.com/ private-user-images.githubusercontent.com opengraph.githubassets.com github-production-user-asset-6210df.s3.amazonaws.com customer-stories-feed.github.com spotlights-feed.github.com objects-origin.githubusercontent.com *.githubusercontent.com; manifest-src &#039;self&#039;; media-src github.com user-images.githubusercontent.com/ secured-user-images.githubusercontent.com/ private-user-images.githubusercontent.com github-production-user-asset-6210df.s3.amazonaws.com gist.github.com github.githubassets.com; script-src github.githubassets.com; style-src &#039;unsafe-inline&#039; github.githubassets.com; upgrade-insecure-requests; worker-src github.com/assets-cdn/worker/ gist.github.com/assets-cdn/worker/
Content-Encoding=gzip
Set-Cookie=_gh_sess=2o0hCVXL1cMAOeexI0g10ksCFFZETjIXZacancR6wbQCkJWBXfUrHMLGRgKLw1QczpFCH7XfGYc13t50c%2FeI4JqVaKgB267aUXUicJ4UwN%2F6nSu0zvabK4WL8V83mFhkaKxrp4HLeH6sFXdRdTc7Ra53Z82yGsAUQil%2Bxi9uag934FbfMy6VaIu0ckcgrbEp8F2Y%2FECpzvUIOuD0spC1RNlTI0vgsLqP9BYH0nJw9XZhGgxlOvaBVdN76Z3t%2FqwSA6kh7bpQnJrKUoNKGrJCeg%3D%3D--SwESQD3PoTWiKAdf--naH2VqXxdUyaRhC2gwWTCQ%3D%3D; Path=/; HttpOnly; Secure; SameSite=Lax
Set-Cookie=_octo=GH1.1.258673667.1706193443; Path=/; Domain=github.com; Expires=Sat, 25 Jan 2025 14:37:23 GMT; Secure; SameSite=Lax
Set-Cookie=logged_in=no; Path=/; Domain=github.com; Expires=Sat, 25 Jan 2025 14:37:23 GMT; HttpOnly; Secure; SameSite=Lax
Accept-Ranges=bytes
Transfer-Encoding=chunked
X-GitHub-Request-Id=F08A:1A4C5D:16963E5:187DE47:65B27223
" type="java.lang.AssertionError">
      <![CDATA[java.lang.AssertionError: 1 expectation failed.
Expected header "Date" was not "Wed, 24 Jan 2024 14:55:05 GMT", was "Thu, 25 Jan 2024 14:37:22 GMT". Headers are:
Server=GitHub.com
Date=Thu, 25 Jan 2024 14:37:22 GMT
Content-Type=text/html; charset=utf-8
Vary=X-PJAX, X-PJAX-Container, Turbo-Visit, Turbo-Frame, Accept-Language, Accept-Encoding, Accept, X-Requested-With
content-language=en-US
ETag=W/"e132f9bda807822f3f0569d2b1737bf1"
Cache-Control=max-age=0, private, must-revalidate
Strict-Transport-Security=max-age=31536000; includeSubdomains; preload
X-Frame-Options=deny
X-Content-Type-Options=nosniff
X-XSS-Protection=0
Referrer-Policy=origin-when-cross-origin, strict-origin-when-cross-origin
Content-Security-Policy=default-src 'none'; base-uri 'self'; child-src github.com/assets-cdn/worker/ gist.github.com/assets-cdn/worker/; connect-src 'self' uploads.github.com www.githubstatus.com collector.github.com raw.githubusercontent.com api.github.com github-cloud.s3.amazonaws.com github-production-repository-file-5c1aeb.s3.amazonaws.com github-production-upload-manifest-file-7fdce7.s3.amazonaws.com github-production-user-asset-6210df.s3.amazonaws.com cdn.optimizely.com logx.optimizely.com/v1/events api.githubcopilot.com objects-origin.githubusercontent.com *.actions.githubusercontent.com wss://*.actions.githubusercontent.com productionresultssa0.blob.core.windows.net/ productionresultssa1.blob.core.windows.net/ productionresultssa2.blob.core.windows.net/ productionresultssa3.blob.core.windows.net/ productionresultssa4.blob.core.windows.net/ productionresultssa5.blob.core.windows.net/ productionresultssa6.blob.core.windows.net/ productionresultssa7.blob.core.windows.net/ productionresultssa8.blob.core.windows.net/ productionresultssa9.blob.core.windows.net/ github-production-repository-image-32fea6.s3.amazonaws.com github-production-release-asset-2e65be.s3.amazonaws.com insights.github.com wss://alive.github.com github.githubassets.com; font-src github.githubassets.com; form-action 'self' github.com gist.github.com objects-origin.githubusercontent.com; frame-ancestors 'none'; frame-src viewscreen.githubusercontent.com notebooks.githubusercontent.com; img-src 'self' data: github.githubassets.com media.githubusercontent.com camo.githubusercontent.com identicons.github.com avatars.githubusercontent.com github-cloud.s3.amazonaws.com objects.githubusercontent.com secured-user-images.githubusercontent.com/ user-images.githubusercontent.com/ private-user-images.githubusercontent.com opengraph.githubassets.com github-production-user-asset-6210df.s3.amazonaws.com customer-stories-feed.github.com spotlights-feed.github.com objects-origin.githubusercontent.com *.githubusercontent.com; manifest-src 'self'; media-src github.com user-images.githubusercontent.com/ secured-user-images.githubusercontent.com/ private-user-images.githubusercontent.com github-production-user-asset-6210df.s3.amazonaws.com gist.github.com github.githubassets.com; script-src github.githubassets.com; style-src 'unsafe-inline' github.githubassets.com; upgrade-insecure-requests; worker-src github.com/assets-cdn/worker/ gist.github.com/assets-cdn/worker/
Content-Encoding=gzip
Set-Cookie=_gh_sess=2o0hCVXL1cMAOeexI0g10ksCFFZETjIXZacancR6wbQCkJWBXfUrHMLGRgKLw1QczpFCH7XfGYc13t50c%2FeI4JqVaKgB267aUXUicJ4UwN%2F6nSu0zvabK4WL8V83mFhkaKxrp4HLeH6sFXdRdTc7Ra53Z82yGsAUQil%2Bxi9uag934FbfMy6VaIu0ckcgrbEp8F2Y%2FECpzvUIOuD0spC1RNlTI0vgsLqP9BYH0nJw9XZhGgxlOvaBVdN76Z3t%2FqwSA6kh7bpQnJrKUoNKGrJCeg%3D%3D--SwESQD3PoTWiKAdf--naH2VqXxdUyaRhC2gwWTCQ%3D%3D; Path=/; HttpOnly; Secure; SameSite=Lax
Set-Cookie=_octo=GH1.1.258673667.1706193443; Path=/; Domain=github.com; Expires=Sat, 25 Jan 2025 14:37:23 GMT; Secure; SameSite=Lax
Set-Cookie=logged_in=no; Path=/; Domain=github.com; Expires=Sat, 25 Jan 2025 14:37:23 GMT; HttpOnly; Secure; SameSite=Lax
Accept-Ranges=bytes
Transfer-Encoding=chunked
X-GitHub-Request-Id=F08A:1A4C5D:16963E5:187DE47:65B27223

at java.base/jdk.internal.reflect.DirectConstructorHandleAccessor.newInstance(DirectConstructorHandleAccessor.java:62)
at java.base/java.lang.reflect.Constructor.newInstanceWithCaller(Constructor.java:502)
at java.base/java.lang.reflect.Constructor.newInstance(Constructor.java:486)
at org.codehaus.groovy.reflection.CachedConstructor.invoke(CachedConstructor.java:73)
at org.codehaus.groovy.runtime.callsite.ConstructorSite$ConstructorSiteNoUnwrapNoCoerce.callConstructor(ConstructorSite.java:108)
at org.codehaus.groovy.runtime.callsite.CallSiteArray.defaultCallConstructor(CallSiteArray.java:57)
at org.codehaus.groovy.runtime.callsite.AbstractCallSite.callConstructor(AbstractCallSite.java:263)
at org.codehaus.groovy.runtime.callsite.AbstractCallSite.callConstructor(AbstractCallSite.java:277)
at io.restassured.internal.ResponseSpecificationImpl$HamcrestAssertionClosure.validate(ResponseSpecificationImpl.groovy:512)
at io.restassured.internal.ResponseSpecificationImpl$HamcrestAssertionClosure$validate$1.call(Unknown Source)
at io.restassured.internal.ResponseSpecificationImpl.validateResponseIfRequired(ResponseSpecificationImpl.groovy:696)
at io.restassured.internal.ResponseSpecificationImpl.this$2$validateResponseIfRequired(ResponseSpecificationImpl.groovy)
at java.base/jdk.internal.reflect.DirectMethodHandleAccessor.invoke(DirectMethodHandleAccessor.java:103)
at java.base/java.lang.reflect.Method.invoke(Method.java:580)
at org.codehaus.groovy.runtime.callsite.PlainObjectMetaMethodSite.doInvoke(PlainObjectMetaMethodSite.java:43)
at org.codehaus.groovy.runtime.callsite.PogoMetaMethodSite$PogoCachedMethodSiteNoUnwrapNoCoerce.invoke(PogoMetaMethodSite.java:198)
at org.codehaus.groovy.runtime.callsite.PogoMetaMethodSite.callCurrent(PogoMetaMethodSite.java:62)
at org.codehaus.groovy.runtime.callsite.AbstractCallSite.callCurrent(AbstractCallSite.java:185)
at io.restassured.internal.ResponseSpecificationImpl.header(ResponseSpecificationImpl.groovy:191)
at io.restassured.specification.ResponseSpecification$header$0.callCurrent(Unknown Source)
at io.restassured.internal.ResponseSpecificationImpl.header(ResponseSpecificationImpl.groovy:198)
at io.restassured.internal.ValidatableResponseOptionsImpl.header(ValidatableResponseOptionsImpl.java:124)
at restassured.restassuredd.HeaderTest.header(HeaderTest.java:22)
at java.base/jdk.internal.reflect.DirectMethodHandleAccessor.invoke(DirectMethodHandleAccessor.java:103)
at java.base/java.lang.reflect.Method.invoke(Method.java:580)
at org.testng.internal.MethodInvocationHelper.invokeMethod(MethodInvocationHelper.java:133)
at org.testng.internal.TestInvoker.invokeMethod(TestInvoker.java:598)
at org.testng.internal.TestInvoker.invokeTestMethod(TestInvoker.java:173)
at org.testng.internal.MethodRunner.runInSequence(MethodRunner.java:46)
at org.testng.internal.TestInvoker$MethodInvocationAgent.invoke(TestInvoker.java:824)
at org.testng.internal.TestInvoker.invokeTestMethods(TestInvoker.java:146)
at org.testng.internal.TestMethodWorker.invokeTestMethods(TestMethodWorker.java:146)
at org.testng.internal.TestMethodWorker.run(TestMethodWorker.java:128)
at java.base/java.util.ArrayList.forEach(ArrayList.java:1596)
at org.testng.TestRunner.privateRun(TestRunner.java:794)
at org.testng.TestRunner.run(TestRunner.java:596)
at org.testng.SuiteRunner.runTest(SuiteRunner.java:377)
at org.testng.SuiteRunner.runSequentially(SuiteRunner.java:371)
at org.testng.SuiteRunner.privateRun(SuiteRunner.java:332)
at org.testng.SuiteRunner.run(SuiteRunner.java:276)
at org.testng.SuiteRunnerWorker.runSuite(SuiteRunnerWorker.java:53)
at org.testng.SuiteRunnerWorker.run(SuiteRunnerWorker.java:96)
at org.testng.TestNG.runSuitesSequentially(TestNG.java:1212)
at org.testng.TestNG.runSuitesLocally(TestNG.java:1134)
at org.testng.TestNG.runSuites(TestNG.java:1063)
at org.testng.TestNG.run(TestNG.java:1031)
at org.testng.remote.AbstractRemoteTestNG.run(AbstractRemoteTestNG.java:115)
at org.testng.remote.RemoteTestNG.initAndRun(RemoteTestNG.java:251)
at org.testng.remote.RemoteTestNG.main(RemoteTestNG.java:77)
]]>
    </failure>
  </testcase> <!-- header -->
  <system-out/>
</testsuite> <!-- restassured.restassuredd.HeaderTest -->
