<?xml version="1.0" encoding="UTF-8"?>
<!-- Generated by org.testng.reporters.JUnitReportReporter -->
<testsuite hostname="DESKTOP-PTVJH6L" failures="0" tests="1" name="restassured.restassuredd.Assert_test" time="8.784" errors="0" timestamp="2024-01-27T21:39:29 IST" skipped="0">
  <testcase classname="restassured.restassuredd.Assert_test" name="assertDemo" time="8.784"/>
  <system-out/>
</testsuite> <!-- restassured.restassuredd.Assert_test -->
